This file contains any messages produced by compilers while
running configure, to aid debugging if configure makes a mistake.

It was created by irrd configure 20100701, which was
generated by GNU Autoconf 2.59.  Invocation command line was

  $ ./configure 

## --------- ##
## Platform. ##
## --------- ##

hostname = rpsl-p.merit.edu
uname -m = x86_64
uname -r = 2.6.18-194.32.1.el5
uname -s = Linux
uname -v = #1 SMP Wed Jan 5 17:52:25 EST 2011

/usr/bin/uname -p = unknown
/bin/uname -X     = unknown

/bin/arch              = x86_64
/usr/bin/arch -k       = unknown
/usr/convex/getsysinfo = unknown
hostinfo               = unknown
/bin/machine           = unknown
/usr/bin/oslevel       = unknown
/bin/universe          = unknown

PATH: /usr/kerberos/bin
PATH: /usr/local/bin
PATH: /bin
PATH: /usr/bin
PATH: /home/ljb/bin


## ----------- ##
## Core tests. ##
## ----------- ##

configure:1387: checking for a BSD-compatible install
configure:1442: result: /usr/bin/install -c
configure:1453: checking whether build environment is sane
configure:1496: result: yes
configure:1561: checking for gawk
configure:1577: found /bin/gawk
configure:1587: result: gawk
configure:1597: checking whether make sets $(MAKE)
configure:1617: result: yes
configure:1813: checking for style of include used by make
configure:1841: result: GNU
configure:1912: checking for gcc
configure:1928: found /usr/bin/gcc
configure:1938: result: gcc
configure:2182: checking for C compiler version
configure:2185: gcc --version </dev/null >&5
gcc (GCC) 4.1.2 20080704 (Red Hat 4.1.2-48)
Copyright (C) 2006 Free Software Foundation, Inc.
This is free software; see the source for copying conditions.  There is NO
warranty; not even for MERCHANTABILITY or FITNESS FOR A PARTICULAR PURPOSE.

configure:2188: $? = 0
configure:2190: gcc -v </dev/null >&5
Using built-in specs.
Target: x86_64-redhat-linux
Configured with: ../configure --prefix=/usr --mandir=/usr/share/man --infodir=/usr/share/info --enable-shared --enable-threads=posix --enable-checking=release --with-system-zlib --enable-__cxa_atexit --disable-libunwind-exceptions --enable-libgcj-multifile --enable-languages=c,c++,objc,obj-c++,java,fortran,ada --enable-java-awt=gtk --disable-dssi --enable-plugin --with-java-home=/usr/lib/jvm/java-1.4.2-gcj-1.4.2.0/jre --with-cpu=generic --host=x86_64-redhat-linux
Thread model: posix
gcc version 4.1.2 20080704 (Red Hat 4.1.2-48)
configure:2193: $? = 0
configure:2195: gcc -V </dev/null >&5
gcc: '-V' option must have argument
configure:2198: $? = 1
configure:2221: checking for C compiler default output file name
configure:2224: gcc    conftest.c  >&5
configure:2227: $? = 0
configure:2273: result: a.out
configure:2278: checking whether the C compiler works
configure:2284: ./a.out
configure:2287: $? = 0
configure:2304: result: yes
configure:2311: checking whether we are cross compiling
configure:2313: result: no
configure:2316: checking for suffix of executables
configure:2318: gcc -o conftest    conftest.c  >&5
configure:2321: $? = 0
configure:2346: result: 
configure:2352: checking for suffix of object files
configure:2373: gcc -c   conftest.c >&5
configure:2376: $? = 0
configure:2398: result: o
configure:2402: checking whether we are using the GNU C compiler
configure:2426: gcc -c   conftest.c >&5
configure:2432: $? = 0
configure:2436: test -z 
			 || test ! -s conftest.err
configure:2439: $? = 0
configure:2442: test -s conftest.o
configure:2445: $? = 0
configure:2458: result: yes
configure:2464: checking whether gcc accepts -g
configure:2485: gcc -c -g  conftest.c >&5
configure:2491: $? = 0
configure:2495: test -z 
			 || test ! -s conftest.err
configure:2498: $? = 0
configure:2501: test -s conftest.o
configure:2504: $? = 0
configure:2515: result: yes
configure:2532: checking for gcc option to accept ANSI C
configure:2602: gcc  -c -g -O2  conftest.c >&5
configure:2608: $? = 0
configure:2612: test -z 
			 || test ! -s conftest.err
configure:2615: $? = 0
configure:2618: test -s conftest.o
configure:2621: $? = 0
configure:2639: result: none needed
configure:2657: gcc -c -g -O2  conftest.c >&5
conftest.c:2: error: expected '=', ',', ';', 'asm' or '__attribute__' before 'me'
configure:2663: $? = 1
configure: failed program was:
| #ifndef __cplusplus
|   choke me
| #endif
configure:2798: checking dependency style of gcc
configure:2888: result: none
configure:2911: checking how to run the C preprocessor
configure:2946: gcc -E  conftest.c
configure:2952: $? = 0
configure:2984: gcc -E  conftest.c
conftest.c:11:28: error: ac_nonexistent.h: No such file or directory
configure:2990: $? = 1
configure: failed program was:
| /* confdefs.h.  */
| 
| #define PACKAGE_NAME "irrd"
| #define PACKAGE_TARNAME "irrd"
| #define PACKAGE_VERSION "20100701"
| #define PACKAGE_STRING "irrd 20100701"
| #define PACKAGE_BUGREPORT ""
| #define PACKAGE "irrd"
| #define VERSION "20100701"
| /* end confdefs.h.  */
| #include <ac_nonexistent.h>
configure:3029: result: gcc -E
configure:3053: gcc -E  conftest.c
configure:3059: $? = 0
configure:3091: gcc -E  conftest.c
conftest.c:11:28: error: ac_nonexistent.h: No such file or directory
configure:3097: $? = 1
configure: failed program was:
| /* confdefs.h.  */
| 
| #define PACKAGE_NAME "irrd"
| #define PACKAGE_TARNAME "irrd"
| #define PACKAGE_VERSION "20100701"
| #define PACKAGE_STRING "irrd 20100701"
| #define PACKAGE_BUGREPORT ""
| #define PACKAGE "irrd"
| #define VERSION "20100701"
| /* end confdefs.h.  */
| #include <ac_nonexistent.h>
configure:3141: checking for egrep
configure:3151: result: grep -E
configure:3156: checking for ANSI C header files
configure:3181: gcc -c -g -O2  conftest.c >&5
configure:3187: $? = 0
configure:3191: test -z 
			 || test ! -s conftest.err
configure:3194: $? = 0
configure:3197: test -s conftest.o
configure:3200: $? = 0
configure:3289: gcc -o conftest -g -O2   conftest.c  >&5
conftest.c: In function 'main':
conftest.c:28: warning: incompatible implicit declaration of built-in function 'exit'
configure:3292: $? = 0
configure:3294: ./conftest
configure:3297: $? = 0
configure:3312: result: yes
configure:3336: checking for sys/types.h
configure:3352: gcc -c -g -O2  conftest.c >&5
configure:3358: $? = 0
configure:3362: test -z 
			 || test ! -s conftest.err
configure:3365: $? = 0
configure:3368: test -s conftest.o
configure:3371: $? = 0
configure:3382: result: yes
configure:3336: checking for sys/stat.h
configure:3352: gcc -c -g -O2  conftest.c >&5
configure:3358: $? = 0
configure:3362: test -z 
			 || test ! -s conftest.err
configure:3365: $? = 0
configure:3368: test -s conftest.o
configure:3371: $? = 0
configure:3382: result: yes
configure:3336: checking for stdlib.h
configure:3352: gcc -c -g -O2  conftest.c >&5
configure:3358: $? = 0
configure:3362: test -z 
			 || test ! -s conftest.err
configure:3365: $? = 0
configure:3368: test -s conftest.o
configure:3371: $? = 0
configure:3382: result: yes
configure:3336: checking for string.h
configure:3352: gcc -c -g -O2  conftest.c >&5
configure:3358: $? = 0
configure:3362: test -z 
			 || test ! -s conftest.err
configure:3365: $? = 0
configure:3368: test -s conftest.o
configure:3371: $? = 0
configure:3382: result: yes
configure:3336: checking for memory.h
configure:3352: gcc -c -g -O2  conftest.c >&5
configure:3358: $? = 0
configure:3362: test -z 
			 || test ! -s conftest.err
configure:3365: $? = 0
configure:3368: test -s conftest.o
configure:3371: $? = 0
configure:3382: result: yes
configure:3336: checking for strings.h
configure:3352: gcc -c -g -O2  conftest.c >&5
configure:3358: $? = 0
configure:3362: test -z 
			 || test ! -s conftest.err
configure:3365: $? = 0
configure:3368: test -s conftest.o
configure:3371: $? = 0
configure:3382: result: yes
configure:3336: checking for inttypes.h
configure:3352: gcc -c -g -O2  conftest.c >&5
configure:3358: $? = 0
configure:3362: test -z 
			 || test ! -s conftest.err
configure:3365: $? = 0
configure:3368: test -s conftest.o
configure:3371: $? = 0
configure:3382: result: yes
configure:3336: checking for stdint.h
configure:3352: gcc -c -g -O2  conftest.c >&5
configure:3358: $? = 0
configure:3362: test -z 
			 || test ! -s conftest.err
configure:3365: $? = 0
configure:3368: test -s conftest.o
configure:3371: $? = 0
configure:3382: result: yes
configure:3336: checking for unistd.h
configure:3352: gcc -c -g -O2  conftest.c >&5
configure:3358: $? = 0
configure:3362: test -z 
			 || test ! -s conftest.err
configure:3365: $? = 0
configure:3368: test -s conftest.o
configure:3371: $? = 0
configure:3382: result: yes
configure:3443: checking for gcc
configure:3469: result: gcc
configure:3713: checking for C compiler version
configure:3716: gcc --version </dev/null >&5
gcc (GCC) 4.1.2 20080704 (Red Hat 4.1.2-48)
Copyright (C) 2006 Free Software Foundation, Inc.
This is free software; see the source for copying conditions.  There is NO
warranty; not even for MERCHANTABILITY or FITNESS FOR A PARTICULAR PURPOSE.

configure:3719: $? = 0
configure:3721: gcc -v </dev/null >&5
Using built-in specs.
Target: x86_64-redhat-linux
Configured with: ../configure --prefix=/usr --mandir=/usr/share/man --infodir=/usr/share/info --enable-shared --enable-threads=posix --enable-checking=release --with-system-zlib --enable-__cxa_atexit --disable-libunwind-exceptions --enable-libgcj-multifile --enable-languages=c,c++,objc,obj-c++,java,fortran,ada --enable-java-awt=gtk --disable-dssi --enable-plugin --with-java-home=/usr/lib/jvm/java-1.4.2-gcj-1.4.2.0/jre --with-cpu=generic --host=x86_64-redhat-linux
Thread model: posix
gcc version 4.1.2 20080704 (Red Hat 4.1.2-48)
configure:3724: $? = 0
configure:3726: gcc -V </dev/null >&5
gcc: '-V' option must have argument
configure:3729: $? = 1
configure:3732: checking whether we are using the GNU C compiler
configure:3788: result: yes
configure:3794: checking whether gcc accepts -g
configure:3845: result: yes
configure:3862: checking for gcc option to accept ANSI C
configure:3969: result: none needed
configure:3987: gcc -c -g -O2  conftest.c >&5
conftest.c:2: error: expected '=', ',', ';', 'asm' or '__attribute__' before 'me'
configure:3993: $? = 1
configure: failed program was:
| #ifndef __cplusplus
|   choke me
| #endif
configure:4128: checking dependency style of gcc
configure:4218: result: none
configure:4331: checking for gcc
configure:4357: result: gcc
configure:4601: checking for C compiler version
configure:4604: gcc --version </dev/null >&5
gcc (GCC) 4.1.2 20080704 (Red Hat 4.1.2-48)
Copyright (C) 2006 Free Software Foundation, Inc.
This is free software; see the source for copying conditions.  There is NO
warranty; not even for MERCHANTABILITY or FITNESS FOR A PARTICULAR PURPOSE.

configure:4607: $? = 0
configure:4609: gcc -v </dev/null >&5
Using built-in specs.
Target: x86_64-redhat-linux
Configured with: ../configure --prefix=/usr --mandir=/usr/share/man --infodir=/usr/share/info --enable-shared --enable-threads=posix --enable-checking=release --with-system-zlib --enable-__cxa_atexit --disable-libunwind-exceptions --enable-libgcj-multifile --enable-languages=c,c++,objc,obj-c++,java,fortran,ada --enable-java-awt=gtk --disable-dssi --enable-plugin --with-java-home=/usr/lib/jvm/java-1.4.2-gcj-1.4.2.0/jre --with-cpu=generic --host=x86_64-redhat-linux
Thread model: posix
gcc version 4.1.2 20080704 (Red Hat 4.1.2-48)
configure:4612: $? = 0
configure:4614: gcc -V </dev/null >&5
gcc: '-V' option must have argument
configure:4617: $? = 1
configure:4620: checking whether we are using the GNU C compiler
configure:4676: result: yes
configure:4682: checking whether gcc accepts -g
configure:4733: result: yes
configure:4750: checking for gcc option to accept ANSI C
configure:4857: result: none needed
configure:4875: gcc -c -g -O2 -DFUNCPROTO -I../../include conftest.c >&5
conftest.c:2: error: expected '=', ',', ';', 'asm' or '__attribute__' before 'me'
configure:4881: $? = 1
configure: failed program was:
| #ifndef __cplusplus
|   choke me
| #endif
configure:5016: checking dependency style of gcc
configure:5106: result: none
configure:5128: checking how to run the C preprocessor
configure:5246: result: gcc -E
configure:5270: gcc -E -DFUNCPROTO -I../../include conftest.c
configure:5276: $? = 0
configure:5308: gcc -E -DFUNCPROTO -I../../include conftest.c
conftest.c:21:28: error: ac_nonexistent.h: No such file or directory
configure:5314: $? = 1
configure: failed program was:
| /* confdefs.h.  */
| 
| #define PACKAGE_NAME "irrd"
| #define PACKAGE_TARNAME "irrd"
| #define PACKAGE_VERSION "20100701"
| #define PACKAGE_STRING "irrd 20100701"
| #define PACKAGE_BUGREPORT ""
| #define PACKAGE "irrd"
| #define VERSION "20100701"
| #define STDC_HEADERS 1
| #define HAVE_SYS_TYPES_H 1
| #define HAVE_SYS_STAT_H 1
| #define HAVE_STDLIB_H 1
| #define HAVE_STRING_H 1
| #define HAVE_MEMORY_H 1
| #define HAVE_STRINGS_H 1
| #define HAVE_INTTYPES_H 1
| #define HAVE_STDINT_H 1
| #define HAVE_UNISTD_H 1
| /* end confdefs.h.  */
| #include <ac_nonexistent.h>
configure:5358: checking for -Wall option
configure:5368: result: yes
configure:5419: checking whether make sets $(MAKE)
configure:5439: result: yes
configure:5462: checking for a BSD-compatible install
configure:5517: result: /usr/bin/install -c
configure:5569: checking for ranlib
configure:5585: found /usr/bin/ranlib
configure:5596: result: ranlib
configure:5612: checking for makedepend
configure:5628: found /usr/bin/makedepend
configure:5638: result: makedepend
configure:5663: checking for pthread_create in -lpthread
configure:5693: gcc -o conftest -g -O2 -Wall -DFUNCPROTO -I../../include  conftest.c -lpthread   >&5
configure:5699: $? = 0
configure:5703: test -z 
			 || test ! -s conftest.err
configure:5706: $? = 0
configure:5709: test -s conftest
configure:5712: $? = 0
configure:5725: result: yes
configure:5743: checking pthread.h usability
configure:5755: gcc -c -g -O2 -Wall -DFUNCPROTO -I../../include conftest.c >&5
configure:5761: $? = 0
configure:5765: test -z 
			 || test ! -s conftest.err
configure:5768: $? = 0
configure:5771: test -s conftest.o
configure:5774: $? = 0
configure:5784: result: yes
configure:5788: checking pthread.h presence
configure:5798: gcc -E -DFUNCPROTO -I../../include conftest.c
configure:5804: $? = 0
configure:5824: result: yes
configure:5859: checking for pthread.h
configure:5866: result: yes
configure:5883: checking for thread support
configure:5886: result: yes
configure:5944: checking for pkg-config
configure:5962: found /usr/bin/pkg-config
configure:5974: result: /usr/bin/pkg-config
configure:5989: checking pkg-config is at least version 0.9.0
configure:5992: result: yes
configure:6003: checking for GTHREADS
configure:6011: $PKG_CONFIG --exists --print-errors "gthread-2.0 >= 2.6"
configure:6014: $? = 0
configure:6029: $PKG_CONFIG --exists --print-errors "gthread-2.0 >= 2.6"
configure:6032: $? = 0
configure:6108: result: yes
configure:6110: result: found
configure:6118: checking for pthread_attr_setscope in -lpthread
configure:6148: gcc -o conftest -g -O2 -Wall  -D_REENTRANT -D_POSIX_PTHREAD_SEMANTICS -DFUNCPROTO -I../../include  conftest.c -lpthread   -lpthread >&5
configure:6154: $? = 0
configure:6158: test -z 
			 || test ! -s conftest.err
configure:6161: $? = 0
configure:6164: test -s conftest
configure:6167: $? = 0
configure:6180: result: yes
configure:6193: checking for thr_setconcurrency
configure:6250: gcc -o conftest -g -O2 -Wall  -D_REENTRANT -D_POSIX_PTHREAD_SEMANTICS -DFUNCPROTO -I../../include  conftest.c  -lpthread >&5
/tmp/ccY4L5wN.o: In function `main':
/home/ljb/irrdsrc/src/conftest.c:63: undefined reference to `thr_setconcurrency'
/tmp/ccY4L5wN.o:(.data+0x0): undefined reference to `thr_setconcurrency'
collect2: ld returned 1 exit status
configure:6256: $? = 1
configure: failed program was:
| /* confdefs.h.  */
| 
| #define PACKAGE_NAME "irrd"
| #define PACKAGE_TARNAME "irrd"
| #define PACKAGE_VERSION "20100701"
| #define PACKAGE_STRING "irrd 20100701"
| #define PACKAGE_BUGREPORT ""
| #define PACKAGE "irrd"
| #define VERSION "20100701"
| #define STDC_HEADERS 1
| #define HAVE_SYS_TYPES_H 1
| #define HAVE_SYS_STAT_H 1
| #define HAVE_STDLIB_H 1
| #define HAVE_STRING_H 1
| #define HAVE_MEMORY_H 1
| #define HAVE_STRINGS_H 1
| #define HAVE_INTTYPES_H 1
| #define HAVE_STDINT_H 1
| #define HAVE_UNISTD_H 1
| #define HAVE_PTHREAD_H 1
| #define HAVE_LIBPTHREAD 1
| #define HAVE_PTHREAD_ATTR_SETSCOPE 1
| /* end confdefs.h.  */
| /* Define thr_setconcurrency to an innocuous variant, in case <limits.h> declares thr_setconcurrency.
|    For example, HP-UX 11i <limits.h> declares gettimeofday.  */
| #define thr_setconcurrency innocuous_thr_setconcurrency
| 
| /* System header to define __stub macros and hopefully few prototypes,
|     which can conflict with char thr_setconcurrency (); below.
|     Prefer <limits.h> to <assert.h> if __STDC__ is defined, since
|     <limits.h> exists even on freestanding compilers.  */
| 
| #ifdef __STDC__
| # include <limits.h>
| #else
| # include <assert.h>
| #endif
| 
| #undef thr_setconcurrency
| 
| /* Override any gcc2 internal prototype to avoid an error.  */
| #ifdef __cplusplus
| extern "C"
| {
| #endif
| /* We use char because int might match the return type of a gcc2
|    builtin and then its argument prototype would still apply.  */
| char thr_setconcurrency ();
| /* The GNU C library defines this for functions which it implements
|     to always fail with ENOSYS.  Some functions are actually named
|     something starting with __ and the normal name is an alias.  */
| #if defined (__stub_thr_setconcurrency) || defined (__stub___thr_setconcurrency)
| choke me
| #else
| char (*f) () = thr_setconcurrency;
| #endif
| #ifdef __cplusplus
| }
| #endif
| 
| int
| main ()
| {
| return f != thr_setconcurrency;
|   ;
|   return 0;
| }
configure:6281: result: no
configure:6301: checking for gethostbyname
configure:6358: gcc -o conftest -g -O2 -Wall  -D_REENTRANT -D_POSIX_PTHREAD_SEMANTICS -DFUNCPROTO -I../../include  conftest.c  -lpthread >&5
configure:6364: $? = 0
configure:6368: test -z 
			 || test ! -s conftest.err
configure:6371: $? = 0
configure:6374: test -s conftest
configure:6377: $? = 0
configure:6389: result: yes
configure:6480: checking for socket
configure:6537: gcc -o conftest -g -O2 -Wall  -D_REENTRANT -D_POSIX_PTHREAD_SEMANTICS -DFUNCPROTO -I../../include  conftest.c  -lpthread >&5
configure:6543: $? = 0
configure:6547: test -z 
			 || test ! -s conftest.err
configure:6550: $? = 0
configure:6553: test -s conftest
configure:6556: $? = 0
configure:6568: result: yes
configure:6659: checking for inet_ntop
configure:6716: gcc -o conftest -g -O2 -Wall  -D_REENTRANT -D_POSIX_PTHREAD_SEMANTICS -DFUNCPROTO -I../../include  conftest.c  -lpthread >&5
configure:6722: $? = 0
configure:6726: test -z 
			 || test ! -s conftest.err
configure:6729: $? = 0
configure:6732: test -s conftest
configure:6735: $? = 0
configure:6747: result: yes
configure:6987: checking for flex
configure:7005: found /usr/bin/flex
configure:7018: result: /usr/bin/flex
configure:7035: checking for bison
configure:7051: found /usr/bin/bison
configure:7061: result: bison -y
configure:7077: checking for sendmail
configure:7096: found /usr/lib/sendmail
configure:7109: result: /usr/lib/sendmail
configure:7126: checking for mail
configure:7144: found /bin/mail
configure:7157: result: /bin/mail
configure:7194: checking for gpg
configure:7212: found /usr/bin/gpg
configure:7225: result: /usr/bin/gpg
configure:7396: checking for gzip
configure:7414: found /bin/gzip
configure:7427: result: /bin/gzip
configure:7444: checking for irrdcacher
configure:7475: result: no
configure:7492: checking for wget
configure:7510: found /usr/bin/wget
configure:7523: result: /usr/bin/wget
configure:7544: checking for ANSI C header files
configure:7700: result: yes
configure:7711: checking whether setpgrp takes no argument
configure:7743: gcc -o conftest -g -O2 -Wall  -D_REENTRANT -D_POSIX_PTHREAD_SEMANTICS -DFUNCPROTO -I../../include  conftest.c  -lpthread >&5
conftest.c: In function 'main':
conftest.c:43: warning: implicit declaration of function 'exit'
conftest.c:43: warning: incompatible implicit declaration of built-in function 'exit'
conftest.c:43: error: too many arguments to function 'setpgrp'
configure:7746: $? = 1
configure: program exited with status 1
configure: failed program was:
| /* confdefs.h.  */
| 
| #define PACKAGE_NAME "irrd"
| #define PACKAGE_TARNAME "irrd"
| #define PACKAGE_VERSION "20100701"
| #define PACKAGE_STRING "irrd 20100701"
| #define PACKAGE_BUGREPORT ""
| #define PACKAGE "irrd"
| #define VERSION "20100701"
| #define STDC_HEADERS 1
| #define HAVE_SYS_TYPES_H 1
| #define HAVE_SYS_STAT_H 1
| #define HAVE_STDLIB_H 1
| #define HAVE_STRING_H 1
| #define HAVE_MEMORY_H 1
| #define HAVE_STRINGS_H 1
| #define HAVE_INTTYPES_H 1
| #define HAVE_STDINT_H 1
| #define HAVE_UNISTD_H 1
| #define HAVE_PTHREAD_H 1
| #define HAVE_LIBPTHREAD 1
| #define HAVE_PTHREAD_ATTR_SETSCOPE 1
| #define HAVE_GETHOSTBYNAME 1
| #define HAVE_SOCKET 1
| #define HAVE_INET_NTOP 1
| #define HAVE_SENDMAIL 1
| #define HAVE_MAIL 1
| #define PGP 1
| #define HAVE_GZIP 1
| #define HAVE_WGET 1
| #define STDC_HEADERS 1
| /* end confdefs.h.  */
| #if HAVE_UNISTD_H
| # include <unistd.h>
| #endif
| 
| int
| main ()
| {
| /* If this system has a BSD-style setpgrp which takes arguments,
|   setpgrp(1, 1) will fail with ESRCH and return -1, in that case
|   exit successfully. */
|   exit (setpgrp (1,1) == -1 ? 0 : 1);
|   ;
|   return 0;
| }
configure:7765: result: yes
configure:7778: checking for working alloca.h
configure:7799: gcc -o conftest -g -O2 -Wall  -D_REENTRANT -D_POSIX_PTHREAD_SEMANTICS -DFUNCPROTO -I../../include  conftest.c  -lpthread >&5
conftest.c: In function 'main':
conftest.c:38: warning: unused variable 'p'
configure:7805: $? = 0
configure:7809: test -z 
			 || test ! -s conftest.err
configure:7812: $? = 0
configure:7815: test -s conftest
configure:7818: $? = 0
configure:7830: result: yes
configure:7840: checking for alloca
configure:7881: gcc -o conftest -g -O2 -Wall  -D_REENTRANT -D_POSIX_PTHREAD_SEMANTICS -DFUNCPROTO -I../../include  conftest.c  -lpthread >&5
conftest.c: In function 'main':
conftest.c:59: warning: unused variable 'p'
configure:7887: $? = 0
configure:7891: test -z 
			 || test ! -s conftest.err
configure:7894: $? = 0
configure:7897: test -s conftest
configure:7900: $? = 0
configure:7912: result: yes
configure:8152: checking sys/stropts.h usability
configure:8164: gcc -c -g -O2 -Wall  -D_REENTRANT -D_POSIX_PTHREAD_SEMANTICS -DFUNCPROTO -I../../include conftest.c >&5
configure:8170: $? = 0
configure:8174: test -z 
			 || test ! -s conftest.err
configure:8177: $? = 0
configure:8180: test -s conftest.o
configure:8183: $? = 0
configure:8193: result: yes
configure:8197: checking sys/stropts.h presence
configure:8207: gcc -E -D_REENTRANT -D_POSIX_PTHREAD_SEMANTICS -DFUNCPROTO -I../../include conftest.c
configure:8213: $? = 0
configure:8233: result: yes
configure:8268: checking for sys/stropts.h
configure:8275: result: yes
configure:8152: checking sys/select.h usability
configure:8164: gcc -c -g -O2 -Wall  -D_REENTRANT -D_POSIX_PTHREAD_SEMANTICS -DFUNCPROTO -I../../include conftest.c >&5
configure:8170: $? = 0
configure:8174: test -z 
			 || test ! -s conftest.err
configure:8177: $? = 0
configure:8180: test -s conftest.o
configure:8183: $? = 0
configure:8193: result: yes
configure:8197: checking sys/select.h presence
configure:8207: gcc -E -D_REENTRANT -D_POSIX_PTHREAD_SEMANTICS -DFUNCPROTO -I../../include conftest.c
configure:8213: $? = 0
configure:8233: result: yes
configure:8268: checking for sys/select.h
configure:8275: result: yes
configure:8152: checking sys/time.h usability
configure:8164: gcc -c -g -O2 -Wall  -D_REENTRANT -D_POSIX_PTHREAD_SEMANTICS -DFUNCPROTO -I../../include conftest.c >&5
configure:8170: $? = 0
configure:8174: test -z 
			 || test ! -s conftest.err
configure:8177: $? = 0
configure:8180: test -s conftest.o
configure:8183: $? = 0
configure:8193: result: yes
configure:8197: checking sys/time.h presence
configure:8207: gcc -E -D_REENTRANT -D_POSIX_PTHREAD_SEMANTICS -DFUNCPROTO -I../../include conftest.c
configure:8213: $? = 0
configure:8233: result: yes
configure:8268: checking for sys/time.h
configure:8275: result: yes
configure:8302: checking libgen.h usability
configure:8314: gcc -c -g -O2 -Wall  -D_REENTRANT -D_POSIX_PTHREAD_SEMANTICS -DFUNCPROTO -I../../include conftest.c >&5
configure:8320: $? = 0
configure:8324: test -z 
			 || test ! -s conftest.err
configure:8327: $? = 0
configure:8330: test -s conftest.o
configure:8333: $? = 0
configure:8343: result: yes
configure:8347: checking libgen.h presence
configure:8357: gcc -E -D_REENTRANT -D_POSIX_PTHREAD_SEMANTICS -DFUNCPROTO -I../../include conftest.c
configure:8363: $? = 0
configure:8383: result: yes
configure:8418: checking for libgen.h
configure:8425: result: yes
configure:8439: checking for an ANSI C-conforming const
configure:8506: gcc -c -g -O2 -Wall  -D_REENTRANT -D_POSIX_PTHREAD_SEMANTICS -DFUNCPROTO -I../../include conftest.c >&5
conftest.c: In function 'main':
conftest.c:67: warning: unused variable 's'
conftest.c:87: warning: unused variable 'foo'
conftest.c:54: warning: unused variable 'zero'
conftest.c:48: warning: unused variable 'x'
conftest.c:69: warning: 't' is used uninitialized in this function
conftest.c:84: warning: 'b' is used uninitialized in this function
configure:8512: $? = 0
configure:8516: test -z 
			 || test ! -s conftest.err
configure:8519: $? = 0
configure:8522: test -s conftest.o
configure:8525: $? = 0
configure:8536: result: yes
configure:8546: checking whether time.h and sys/time.h may both be included
configure:8571: gcc -c -g -O2 -Wall  -D_REENTRANT -D_POSIX_PTHREAD_SEMANTICS -DFUNCPROTO -I../../include conftest.c >&5
configure:8577: $? = 0
configure:8581: test -z 
			 || test ! -s conftest.err
configure:8584: $? = 0
configure:8587: test -s conftest.o
configure:8590: $? = 0
configure:8601: result: yes
configure:8611: checking whether struct tm is in sys/time.h or time.h
configure:8634: gcc -c -g -O2 -Wall  -D_REENTRANT -D_POSIX_PTHREAD_SEMANTICS -DFUNCPROTO -I../../include conftest.c >&5
conftest.c: In function 'main':
conftest.c:47: warning: statement with no effect
configure:8640: $? = 0
configure:8644: test -z 
			 || test ! -s conftest.err
configure:8647: $? = 0
configure:8650: test -s conftest.o
configure:8653: $? = 0
configure:8664: result: time.h
configure:8675: checking u_char, u_int, u_short, and u_long
configure:8694: gcc -c -g -O2 -Wall  -D_REENTRANT -D_POSIX_PTHREAD_SEMANTICS -DFUNCPROTO -I../../include conftest.c >&5
conftest.c: In function 'main':
conftest.c:46: warning: unused variable 'l'
conftest.c:46: warning: unused variable 's'
conftest.c:46: warning: unused variable 'i'
conftest.c:46: warning: unused variable 'c'
configure:8700: $? = 0
configure:8704: test -z 
			 || test ! -s conftest.err
configure:8707: $? = 0
configure:8710: test -s conftest.o
configure:8713: $? = 0
configure:8718: result: yes
configure:8755: checking for localtime_r
configure:8812: gcc -o conftest -g -O2 -Wall  -D_REENTRANT -D_POSIX_PTHREAD_SEMANTICS -DFUNCPROTO -I../../include  conftest.c  -lpthread >&5
configure:8818: $? = 0
configure:8822: test -z 
			 || test ! -s conftest.err
configure:8825: $? = 0
configure:8828: test -s conftest
configure:8831: $? = 0
configure:8843: result: yes
configure:8755: checking for strtok_r
configure:8812: gcc -o conftest -g -O2 -Wall  -D_REENTRANT -D_POSIX_PTHREAD_SEMANTICS -DFUNCPROTO -I../../include  conftest.c  -lpthread >&5
configure:8818: $? = 0
configure:8822: test -z 
			 || test ! -s conftest.err
configure:8825: $? = 0
configure:8828: test -s conftest
configure:8831: $? = 0
configure:8843: result: yes
configure:8755: checking for gethostbyname_r
configure:8812: gcc -o conftest -g -O2 -Wall  -D_REENTRANT -D_POSIX_PTHREAD_SEMANTICS -DFUNCPROTO -I../../include  conftest.c  -lpthread >&5
configure:8818: $? = 0
configure:8822: test -z 
			 || test ! -s conftest.err
configure:8825: $? = 0
configure:8828: test -s conftest
configure:8831: $? = 0
configure:8843: result: yes
configure:8755: checking for gethostbyaddr_r
configure:8812: gcc -o conftest -g -O2 -Wall  -D_REENTRANT -D_POSIX_PTHREAD_SEMANTICS -DFUNCPROTO -I../../include  conftest.c  -lpthread >&5
configure:8818: $? = 0
configure:8822: test -z 
			 || test ! -s conftest.err
configure:8825: $? = 0
configure:8828: test -s conftest
configure:8831: $? = 0
configure:8843: result: yes
configure:8858: checking for sigaction
configure:8915: gcc -o conftest -g -O2 -Wall  -D_REENTRANT -D_POSIX_PTHREAD_SEMANTICS -DFUNCPROTO -I../../include  conftest.c  -lpthread >&5
configure:8921: $? = 0
configure:8925: test -z 
			 || test ! -s conftest.err
configure:8928: $? = 0
configure:8931: test -s conftest
configure:8934: $? = 0
configure:8946: result: yes
configure:8858: checking for sigset
configure:8915: gcc -o conftest -g -O2 -Wall  -D_REENTRANT -D_POSIX_PTHREAD_SEMANTICS -DFUNCPROTO -I../../include  conftest.c  -lpthread >&5
configure:8921: $? = 0
configure:8925: test -z 
			 || test ! -s conftest.err
configure:8928: $? = 0
configure:8931: test -s conftest
configure:8934: $? = 0
configure:8946: result: yes
configure:8960: checking for sigprocmask
configure:9017: gcc -o conftest -g -O2 -Wall  -D_REENTRANT -D_POSIX_PTHREAD_SEMANTICS -DFUNCPROTO -I../../include  conftest.c  -lpthread >&5
configure:9023: $? = 0
configure:9027: test -z 
			 || test ! -s conftest.err
configure:9030: $? = 0
configure:9033: test -s conftest
configure:9036: $? = 0
configure:9048: result: yes
configure:9062: checking for memmove
configure:9119: gcc -o conftest -g -O2 -Wall  -D_REENTRANT -D_POSIX_PTHREAD_SEMANTICS -DFUNCPROTO -I../../include  conftest.c  -lpthread >&5
conftest.c:74: warning: conflicting types for built-in function 'memmove'
configure:9125: $? = 0
configure:9129: test -z 
			 || test ! -s conftest.err
configure:9132: $? = 0
configure:9135: test -s conftest
configure:9138: $? = 0
configure:9150: result: yes
configure:9164: checking for strerror
configure:9221: gcc -o conftest -g -O2 -Wall  -D_REENTRANT -D_POSIX_PTHREAD_SEMANTICS -DFUNCPROTO -I../../include  conftest.c  -lpthread >&5
configure:9227: $? = 0
configure:9231: test -z 
			 || test ! -s conftest.err
configure:9234: $? = 0
configure:9237: test -s conftest
configure:9240: $? = 0
configure:9252: result: yes
configure:9266: checking for setsid
configure:9323: gcc -o conftest -g -O2 -Wall  -D_REENTRANT -D_POSIX_PTHREAD_SEMANTICS -DFUNCPROTO -I../../include  conftest.c  -lpthread >&5
configure:9329: $? = 0
configure:9333: test -z 
			 || test ! -s conftest.err
configure:9336: $? = 0
configure:9339: test -s conftest
configure:9342: $? = 0
configure:9354: result: yes
configure:9368: checking for mkstemp
configure:9425: gcc -o conftest -g -O2 -Wall  -D_REENTRANT -D_POSIX_PTHREAD_SEMANTICS -DFUNCPROTO -I../../include  conftest.c  -lpthread >&5
configure:9431: $? = 0
configure:9435: test -z 
			 || test ! -s conftest.err
configure:9438: $? = 0
configure:9441: test -s conftest
configure:9444: $? = 0
configure:9456: result: yes
configure:9470: checking for mkdtemp
configure:9527: gcc -o conftest -g -O2 -Wall  -D_REENTRANT -D_POSIX_PTHREAD_SEMANTICS -DFUNCPROTO -I../../include  conftest.c  -lpthread >&5
configure:9533: $? = 0
configure:9537: test -z 
			 || test ! -s conftest.err
configure:9540: $? = 0
configure:9543: test -s conftest
configure:9546: $? = 0
configure:9558: result: yes
configure:9572: checking for snprintf
configure:9629: gcc -o conftest -g -O2 -Wall  -D_REENTRANT -D_POSIX_PTHREAD_SEMANTICS -DFUNCPROTO -I../../include  conftest.c  -lpthread >&5
conftest.c:79: warning: conflicting types for built-in function 'snprintf'
configure:9635: $? = 0
configure:9639: test -z 
			 || test ! -s conftest.err
configure:9642: $? = 0
configure:9645: test -s conftest
configure:9648: $? = 0
configure:9660: result: yes
configure:9675: checking for dirname
configure:9732: gcc -o conftest -g -O2 -Wall  -D_REENTRANT -D_POSIX_PTHREAD_SEMANTICS -DFUNCPROTO -I../../include  conftest.c  -lpthread >&5
configure:9738: $? = 0
configure:9742: test -z 
			 || test ! -s conftest.err
configure:9745: $? = 0
configure:9748: test -s conftest
configure:9751: $? = 0
configure:9763: result: yes
configure:9675: checking for basename
configure:9732: gcc -o conftest -g -O2 -Wall  -D_REENTRANT -D_POSIX_PTHREAD_SEMANTICS -DFUNCPROTO -I../../include  conftest.c  -lpthread >&5
configure:9738: $? = 0
configure:9742: test -z 
			 || test ! -s conftest.err
configure:9745: $? = 0
configure:9748: test -s conftest
configure:9751: $? = 0
configure:9763: result: yes
configure:9776: checking for GLIB
configure:9784: $PKG_CONFIG --exists --print-errors "glib-2.0 >= 2.6"
configure:9787: $? = 0
configure:9802: $PKG_CONFIG --exists --print-errors "glib-2.0 >= 2.6"
configure:9805: $? = 0
configure:9881: result: yes
configure:9883: result: found
configure:9895: checking for postgres
configure:10050: result: --with-postgres not specified
configure:10055: checking whether utimes is declared
configure:10080: gcc -c -g -O2 -Wall  -D_REENTRANT -D_POSIX_PTHREAD_SEMANTICS -DFUNCPROTO -I../../include conftest.c >&5
conftest.c: In function 'main':
conftest.c:64: warning: unused variable 'p'
configure:10086: $? = 0
configure:10090: test -z 
			 || test ! -s conftest.err
configure:10093: $? = 0
configure:10096: test -s conftest.o
configure:10099: $? = 0
configure:10110: result: yes
configure:10128: checking whether inet_ntop is declared
configure:10157: gcc -c -g -O2 -Wall  -D_REENTRANT -D_POSIX_PTHREAD_SEMANTICS -DFUNCPROTO -I../../include conftest.c >&5
conftest.c: In function 'main':
conftest.c:69: warning: unused variable 'p'
configure:10163: $? = 0
configure:10167: test -z 
			 || test ! -s conftest.err
configure:10170: $? = 0
configure:10173: test -s conftest.o
configure:10176: $? = 0
configure:10187: result: yes
configure:10205: checking whether mkstemp is declared
configure:10229: gcc -c -g -O2 -Wall  -D_REENTRANT -D_POSIX_PTHREAD_SEMANTICS -DFUNCPROTO -I../../include conftest.c >&5
conftest.c: In function 'main':
conftest.c:98: warning: unused variable 'p'
configure:10235: $? = 0
configure:10239: test -z 
			 || test ! -s conftest.err
configure:10242: $? = 0
configure:10245: test -s conftest.o
configure:10248: $? = 0
configure:10259: result: yes
configure:10277: checking whether mkdtemp is declared
configure:10301: gcc -c -g -O2 -Wall  -D_REENTRANT -D_POSIX_PTHREAD_SEMANTICS -DFUNCPROTO -I../../include conftest.c >&5
conftest.c: In function 'main':
conftest.c:99: warning: unused variable 'p'
configure:10307: $? = 0
configure:10311: test -z 
			 || test ! -s conftest.err
configure:10314: $? = 0
configure:10317: test -s conftest.o
configure:10320: $? = 0
configure:10331: result: yes
configure:10349: checking whether getdtablesize is declared
configure:10373: gcc -c -g -O2 -Wall  -D_REENTRANT -D_POSIX_PTHREAD_SEMANTICS -DFUNCPROTO -I../../include conftest.c >&5
conftest.c: In function 'main':
conftest.c:100: warning: unused variable 'p'
configure:10379: $? = 0
configure:10383: test -z 
			 || test ! -s conftest.err
configure:10386: $? = 0
configure:10389: test -s conftest.o
configure:10392: $? = 0
configure:10403: result: yes
configure:10563: creating ./config.status

## ---------------------- ##
## Running config.status. ##
## ---------------------- ##

This file was extended by irrd config.status 20100701, which was
generated by GNU Autoconf 2.59.  Invocation command line was

  CONFIG_FILES    = 
  CONFIG_HEADERS  = 
  CONFIG_LINKS    = 
  CONFIG_COMMANDS = 
  $ ./config.status 

on rpsl-p.merit.edu

config.status:730: creating Makefile
config.status:730: creating Make.include
config.status:730: creating ./include/pipeline_defs.h
config.status:730: creating ./include/irr_defs.h
config.status:834: creating include/config.h
config.status:1042: include/config.h is unchanged
config.status:1222: executing depfiles commands

## ---------------- ##
## Cache variables. ##
## ---------------- ##

ac_cv_c_compiler_gnu=yes
ac_cv_c_const=yes
ac_cv_env_CC_set=
ac_cv_env_CC_value=
ac_cv_env_CFLAGS_set=
ac_cv_env_CFLAGS_value=
ac_cv_env_CPPFLAGS_set=
ac_cv_env_CPPFLAGS_value=
ac_cv_env_CPP_set=
ac_cv_env_CPP_value=
ac_cv_env_GLIB_CFLAGS_set=
ac_cv_env_GLIB_CFLAGS_value=
ac_cv_env_GLIB_LIBS_set=
ac_cv_env_GLIB_LIBS_value=
ac_cv_env_GTHREADS_CFLAGS_set=
ac_cv_env_GTHREADS_CFLAGS_value=
ac_cv_env_GTHREADS_LIBS_set=
ac_cv_env_GTHREADS_LIBS_value=
ac_cv_env_LDFLAGS_set=
ac_cv_env_LDFLAGS_value=
ac_cv_env_PKG_CONFIG_set=
ac_cv_env_PKG_CONFIG_value=
ac_cv_env_build_alias_set=
ac_cv_env_build_alias_value=
ac_cv_env_host_alias_set=
ac_cv_env_host_alias_value=
ac_cv_env_target_alias_set=
ac_cv_env_target_alias_value=
ac_cv_exeext=
ac_cv_func_alloca_works=yes
ac_cv_func_basename=yes
ac_cv_func_dirname=yes
ac_cv_func_gethostbyaddr_r=yes
ac_cv_func_gethostbyname=yes
ac_cv_func_gethostbyname_r=yes
ac_cv_func_inet_ntop=yes
ac_cv_func_localtime_r=yes
ac_cv_func_memmove=yes
ac_cv_func_mkdtemp=yes
ac_cv_func_mkstemp=yes
ac_cv_func_setpgrp_void=yes
ac_cv_func_setsid=yes
ac_cv_func_sigaction=yes
ac_cv_func_sigprocmask=yes
ac_cv_func_sigset=yes
ac_cv_func_snprintf=yes
ac_cv_func_socket=yes
ac_cv_func_strerror=yes
ac_cv_func_strtok_r=yes
ac_cv_func_thr_setconcurrency=no
ac_cv_have_decl_getdtablesize=yes
ac_cv_have_decl_inet_ntop=yes
ac_cv_have_decl_mkdtemp=yes
ac_cv_have_decl_mkstemp=yes
ac_cv_have_decl_utimes=yes
ac_cv_header_inttypes_h=yes
ac_cv_header_libgen_h=yes
ac_cv_header_memory_h=yes
ac_cv_header_pthread_h=yes
ac_cv_header_stdc=yes
ac_cv_header_stdint_h=yes
ac_cv_header_stdlib_h=yes
ac_cv_header_string_h=yes
ac_cv_header_strings_h=yes
ac_cv_header_sys_select_h=yes
ac_cv_header_sys_stat_h=yes
ac_cv_header_sys_stropts_h=yes
ac_cv_header_sys_time_h=yes
ac_cv_header_sys_types_h=yes
ac_cv_header_time=yes
ac_cv_header_unistd_h=yes
ac_cv_lib_pthread___pthread_attr_setscope=yes
ac_cv_lib_pthread___pthread_create=yes
ac_cv_objext=o
ac_cv_path_FLEX_PATH=/usr/bin/flex
ac_cv_path_GPG_PATH=/usr/bin/gpg
ac_cv_path_GZIP_PATH=/bin/gzip
ac_cv_path_IRRDCACHER_PATH=no
ac_cv_path_MAIL_PATH=/bin/mail
ac_cv_path_SENDMAIL_PATH=/usr/lib/sendmail
ac_cv_path_WGET_PATH=/usr/bin/wget
ac_cv_path_ac_pt_PKG_CONFIG=/usr/bin/pkg-config
ac_cv_path_install='/usr/bin/install -c'
ac_cv_prog_AWK=gawk
ac_cv_prog_CPP='gcc -E'
ac_cv_prog_MAKEDEP=makedepend
ac_cv_prog_YACC='bison -y'
ac_cv_prog_ac_ct_CC=gcc
ac_cv_prog_ac_ct_RANLIB=ranlib
ac_cv_prog_cc_g=yes
ac_cv_prog_cc_stdc=
ac_cv_prog_egrep='grep -E'
ac_cv_prog_make_make_set=yes
ac_cv_struct_tm=time.h
ac_cv_working_alloca_h=yes
am_cv_CC_dependencies_compiler_type=none
pkg_cv_GLIB_CFLAGS='-I/usr/include/glib-2.0 -I/usr/lib64/glib-2.0/include  '
pkg_cv_GLIB_LIBS='-L/lib64 -lglib-2.0  '
pkg_cv_GTHREADS_CFLAGS='-pthread -I/usr/include/glib-2.0 -I/usr/lib64/glib-2.0/include  '
pkg_cv_GTHREADS_LIBS='-pthread -L/lib64 -lgthread-2.0 -lglib-2.0  '

## ----------------- ##
## Output variables. ##
## ----------------- ##

ACLOCAL='${SHELL} /home/ljb/irrdsrc/src/missing --run aclocal-1.9'
ALLOCA=''
AMDEPBACKSLASH='\'
AMDEP_FALSE='#'
AMDEP_TRUE=''
AMTAR='${SHELL} /home/ljb/irrdsrc/src/missing --run tar'
AUTOCONF='${SHELL} /home/ljb/irrdsrc/src/missing --run autoconf'
AUTOHEADER='${SHELL} /home/ljb/irrdsrc/src/missing --run autoheader'
AUTOMAKE='${SHELL} /home/ljb/irrdsrc/src/missing --run automake-1.9'
AWK='gawk'
CC='gcc'
CCDEPMODE='depmode=none'
CFLAGS='-g -O2 -Wall '
CPP='gcc -E'
CPPFLAGS='-D_REENTRANT -D_POSIX_PTHREAD_SEMANTICS -DFUNCPROTO -I../../include'
CRYPT_LIB=''
CYGPATH_W='echo'
DB_LIB=''
DEFINES=''
DEFS='-DHAVE_CONFIG_H'
DEPDIR='.deps'
DESTDIR=''
ECHO_C=''
ECHO_N='-n'
ECHO_T=''
EGREP='grep -E'
EXEEXT=''
EXTRA_INCLUDE_DIRS=''
EXTRA_LIBS=''
FLEX_PATH='/usr/bin/flex'
GLIB_CFLAGS='-I/usr/include/glib-2.0 -I/usr/lib64/glib-2.0/include  '
GLIB_LIBS='-L/lib64 -lglib-2.0  '
GPG_PATH='/usr/bin/gpg'
GTHREADS_CFLAGS='-pthread -I/usr/include/glib-2.0 -I/usr/lib64/glib-2.0/include  '
GTHREADS_LIBS='-pthread -L/lib64 -lgthread-2.0 -lglib-2.0  '
GZIP_PATH='/bin/gzip'
HOST_OS=''
INSTALL_DATA='${INSTALL} -m 644'
INSTALL_PROGRAM='${INSTALL}'
INSTALL_SCRIPT='${INSTALL}'
INSTALL_STRIP_PROGRAM='${SHELL} $(install_sh) -c -s'
IRRDCACHER_PATH=''
IRRD_OPS_LIBS=''
LDFLAGS=''
LIBOBJS=''
LIBS=' -lpthread'
LTLIBOBJS=''
MAIL_PATH='/bin/mail'
MAKEDEP='makedepend'
MAKEDEPCLEAN='rm -f .depend'
MAKEINFO='${SHELL} /home/ljb/irrdsrc/src/missing --run makeinfo'
MANDIR=''
MODULES=''
OBJEXT='o'
PACKAGE='irrd'
PACKAGE_BUGREPORT=''
PACKAGE_NAME='irrd'
PACKAGE_STRING='irrd 20100701'
PACKAGE_TARNAME='irrd'
PACKAGE_VERSION='20100701'
PATH_SEPARATOR=':'
PGP=''
PGPDIR='gpg'
PGPK_PATH=''
PGPS_PATH=''
PGPV_PATH=''
PKG_CONFIG='/usr/bin/pkg-config'
PURIFY='purify -threads=yes -max-threads=80'
QUANTIFY='quantify -threads=yes -max-threads=80'
RANLIB='ranlib'
SENDMAIL_PATH='/usr/lib/sendmail'
SET_MAKE=''
SHELL='/bin/sh'
STRIP=''
THREADLIBS='-lpthread'
VERSION='20100701'
WGET_PATH='/usr/bin/wget'
YACC='bison -y'
ac_ct_CC='gcc'
ac_ct_RANLIB='ranlib'
ac_ct_STRIP=''
ac_pt_PKG_CONFIG='/usr/bin/pkg-config'
am__fastdepCC_FALSE=''
am__fastdepCC_TRUE='#'
am__include='include'
am__leading_dot='.'
am__quote=''
am__tar='${AMTAR} chof - "$$tardir"'
am__untar='${AMTAR} xf -'
bindir='${exec_prefix}/bin'
build_alias=''
datadir='${prefix}/share'
exec_prefix='${prefix}'
host_alias=''
includedir='${prefix}/include'
infodir='${prefix}/info'
install_sh='/home/ljb/irrdsrc/src/install-sh'
libdir='${exec_prefix}/lib'
libexecdir='${exec_prefix}/libexec'
localstatedir='${prefix}/var'
mandir='${prefix}/man'
mkdir_p='mkdir -p --'
oldincludedir='/usr/include'
pgconfig=''
prefix='/usr/local'
program_transform_name='s,x,x,'
sbindir='${exec_prefix}/sbin'
sharedstatedir='${prefix}/com'
sysconfdir='${prefix}/etc'
target_alias=''

## ----------- ##
## confdefs.h. ##
## ----------- ##

#define HAVE_ALLOCA 1
#define HAVE_ALLOCA_H 1
#define HAVE_BASENAME 1
#define HAVE_DECL_GETDTABLESIZE 1
#define HAVE_DECL_INET_NTOP 1
#define HAVE_DECL_MKDTEMP 1
#define HAVE_DECL_MKSTEMP 1
#define HAVE_DECL_UTIMES 1
#define HAVE_DIRNAME 1
#define HAVE_GETHOSTBYADDR_R 1
#define HAVE_GETHOSTBYNAME 1
#define HAVE_GETHOSTBYNAME_R 1
#define HAVE_GZIP 1
#define HAVE_INET_NTOP 1
#define HAVE_INTTYPES_H 1
#define HAVE_LIBGEN_H 1
#define HAVE_LIBPTHREAD 1
#define HAVE_LOCALTIME_R 1
#define HAVE_MAIL 1
#define HAVE_MEMMOVE 1
#define HAVE_MEMORY_H 1
#define HAVE_MKDTEMP 1
#define HAVE_MKSTEMP 1
#define HAVE_PTHREAD_ATTR_SETSCOPE 1
#define HAVE_PTHREAD_H 1
#define HAVE_SENDMAIL 1
#define HAVE_SETSID 1
#define HAVE_SIGACTION 1
#define HAVE_SIGPROCMASK 1
#define HAVE_SIGSET 1
#define HAVE_SNPRINTF 1
#define HAVE_SOCKET 1
#define HAVE_STDINT_H 1
#define HAVE_STDLIB_H 1
#define HAVE_STRERROR 1
#define HAVE_STRINGS_H 1
#define HAVE_STRING_H 1
#define HAVE_STRTOK_R 1
#define HAVE_STRUCT_IN6_ADDR 1
#define HAVE_SYS_SELECT_H 1
#define HAVE_SYS_STAT_H 1
#define HAVE_SYS_STROPTS_H 1
#define HAVE_SYS_TIME_H 1
#define HAVE_SYS_TYPES_H 1
#define HAVE_UNISTD_H 1
#define HAVE_U_TYPES 1
#define HAVE_WGET 1
#define PACKAGE "irrd"
#define PACKAGE_BUGREPORT ""
#define PACKAGE_NAME "irrd"
#define PACKAGE_STRING "irrd 20100701"
#define PACKAGE_TARNAME "irrd"
#define PACKAGE_VERSION "20100701"
#define PGP 1
#define SETPGRP_VOID 1
#define STDC_HEADERS 1
#define STDC_HEADERS 1
#define TIME_WITH_SYS_TIME 1
#define VERSION "20100701"

configure: exit 0
